<?xml version="1.0" encoding="UTF-8"?>
<!-- Generated by org.testng.reporters.JUnitXMLReporter -->
<testsuite hostname="DESKTOP-6QKID3Q" ignored="0" name="Jupitor2 cloud testing" tests="8" failures="1" timestamp="2022-01-12T14:11:23 IST" time="165.107" errors="0">
  <testcase name="validateErrors" time="1.029" classname="com.jupiter2.cloud.planittesting.testcases.TC1_ContactPageErrorTest"/>
  <testcase name="VerifySuccessfulSubmission" time="10.74" classname="com.jupiter2.cloud.planittesting.testcases.TC2_ContactPageSubmitTest"/>
  <testcase name="VerifySuccessfulSubmission" time="10.976" classname="com.jupiter2.cloud.planittesting.testcases.TC2_ContactPageSubmitTest"/>
  <testcase name="VerifySuccessfulSubmission" time="10.89" classname="com.jupiter2.cloud.planittesting.testcases.TC2_ContactPageSubmitTest"/>
  <testcase name="VerifySuccessfulSubmission" time="10.703" classname="com.jupiter2.cloud.planittesting.testcases.TC2_ContactPageSubmitTest">
    <failure type="java.lang.AssertionError" message="expected [true] but found [false]">
      <![CDATA[java.lang.AssertionError: expected [true] but found [false]
at com.jupiter2.cloud.planittesting.testcases.TC2_ContactPageSubmitTest.VerifySuccessfulSubmission(TC2_ContactPageSubmitTest.java:30)
at java.util.ArrayList.forEach(ArrayList.java:1259)
... Removed 31 stack frames]]>
    </failure>
  </testcase> <!-- VerifySuccessfulSubmission -->
  <testcase name="VerifySuccessfulSubmission" time="10.796" classname="com.jupiter2.cloud.planittesting.testcases.TC2_ContactPageSubmitTest"/>
  <testcase name="verifyCartItems" time="7.282" classname="com.jupiter2.cloud.planittesting.testcases.TC3_CartPageItemsTest"/>
  <testcase name="verifyPriceAndSubTotal" time="7.293" classname="com.jupiter2.cloud.planittesting.testcases.TC4_CartPageTest"/>
</testsuite> <!-- Jupitor2 cloud testing -->
